c:\users\samamco\documents\visual studio 2013\projects\softwarerasteriser\softwarerasteriser\debug\vc120.pdb
c:\users\samamco\documents\visual studio 2013\projects\softwarerasteriser\softwarerasteriser\debug\vc120.idb
c:\users\samamco\documents\visual studio 2013\projects\softwarerasteriser\softwarerasteriser\debug\asteroid.obj
c:\users\samamco\documents\visual studio 2013\projects\softwarerasteriser\softwarerasteriser\debug\colour.obj
c:\users\samamco\documents\visual studio 2013\projects\softwarerasteriser\softwarerasteriser\debug\keyboard.obj
c:\users\samamco\documents\visual studio 2013\projects\softwarerasteriser\softwarerasteriser\debug\main.obj
c:\users\samamco\documents\visual studio 2013\projects\softwarerasteriser\softwarerasteriser\debug\matrix4.obj
c:\users\samamco\documents\visual studio 2013\projects\softwarerasteriser\softwarerasteriser\debug\mesh.obj
c:\users\samamco\documents\visual studio 2013\projects\softwarerasteriser\softwarerasteriser\debug\mouse.obj
c:\users\samamco\documents\visual studio 2013\projects\softwarerasteriser\softwarerasteriser\debug\spaceship.obj
c:\users\samamco\documents\visual studio 2013\projects\softwarerasteriser\softwarerasteriser\debug\starfield.obj
c:\users\samamco\documents\visual studio 2013\projects\softwarerasteriser\softwarerasteriser\debug\window.obj
c:\users\samamco\documents\visual studio 2013\projects\softwarerasteriser\softwarerasteriser\debug\renderobject.obj
c:\users\samamco\documents\visual studio 2013\projects\softwarerasteriser\softwarerasteriser\debug\softwarerasteriser.obj
c:\users\samamco\documents\visual studio 2013\projects\softwarerasteriser\softwarerasteriser\debug\texture.obj
c:\users\samamco\documents\visual studio 2013\projects\softwarerasteriser\softwarerasteriser\debug\vector3.obj
c:\users\samamco\documents\visual studio 2013\projects\softwarerasteriser\softwarerasteriser\debug\vector4.obj
c:\users\samamco\documents\visual studio 2013\projects\softwarerasteriser\debug\softwarerasteriser.ilk
c:\users\samamco\documents\visual studio 2013\projects\softwarerasteriser\debug\softwarerasteriser.exe
c:\users\samamco\documents\visual studio 2013\projects\softwarerasteriser\debug\softwarerasteriser.pdb
c:\users\samamco\documents\visual studio 2013\projects\softwarerasteriser\softwarerasteriser\debug\software.45566f6b.tlog\cl.command.1.tlog
c:\users\samamco\documents\visual studio 2013\projects\softwarerasteriser\softwarerasteriser\debug\software.45566f6b.tlog\cl.read.1.tlog
c:\users\samamco\documents\visual studio 2013\projects\softwarerasteriser\softwarerasteriser\debug\software.45566f6b.tlog\cl.write.1.tlog
c:\users\samamco\documents\visual studio 2013\projects\softwarerasteriser\softwarerasteriser\debug\software.45566f6b.tlog\link.command.1.tlog
c:\users\samamco\documents\visual studio 2013\projects\softwarerasteriser\softwarerasteriser\debug\software.45566f6b.tlog\link.read.1.tlog
c:\users\samamco\documents\visual studio 2013\projects\softwarerasteriser\softwarerasteriser\debug\software.45566f6b.tlog\link.write.1.tlog
