c:\users\samamco\documents\visual studio 2013\projects\softwarerasteriser\softwarerasteriser\release\vc120.pdb
c:\users\samamco\documents\visual studio 2013\projects\softwarerasteriser\softwarerasteriser\release\vector4.obj
c:\users\samamco\documents\visual studio 2013\projects\softwarerasteriser\softwarerasteriser\release\vector3.obj
c:\users\samamco\documents\visual studio 2013\projects\softwarerasteriser\softwarerasteriser\release\texture.obj
c:\users\samamco\documents\visual studio 2013\projects\softwarerasteriser\softwarerasteriser\release\softwarerasteriser.obj
c:\users\samamco\documents\visual studio 2013\projects\softwarerasteriser\softwarerasteriser\release\renderobject.obj
c:\users\samamco\documents\visual studio 2013\projects\softwarerasteriser\softwarerasteriser\release\window.obj
c:\users\samamco\documents\visual studio 2013\projects\softwarerasteriser\softwarerasteriser\release\starfield.obj
c:\users\samamco\documents\visual studio 2013\projects\softwarerasteriser\softwarerasteriser\release\spaceship.obj
c:\users\samamco\documents\visual studio 2013\projects\softwarerasteriser\softwarerasteriser\release\mouse.obj
c:\users\samamco\documents\visual studio 2013\projects\softwarerasteriser\softwarerasteriser\release\mesh.obj
c:\users\samamco\documents\visual studio 2013\projects\softwarerasteriser\softwarerasteriser\release\matrix4.obj
c:\users\samamco\documents\visual studio 2013\projects\softwarerasteriser\softwarerasteriser\release\main.obj
c:\users\samamco\documents\visual studio 2013\projects\softwarerasteriser\softwarerasteriser\release\keyboard.obj
c:\users\samamco\documents\visual studio 2013\projects\softwarerasteriser\softwarerasteriser\release\colour.obj
c:\users\samamco\documents\visual studio 2013\projects\softwarerasteriser\softwarerasteriser\release\asteroid.obj
c:\users\samamco\documents\visual studio 2013\projects\softwarerasteriser\release\softwarerasteriser.exe
c:\users\samamco\documents\visual studio 2013\projects\softwarerasteriser\release\softwarerasteriser.pdb
c:\users\samamco\documents\visual studio 2013\projects\softwarerasteriser\softwarerasteriser\release\software.45566f6b.tlog\cl.command.1.tlog
c:\users\samamco\documents\visual studio 2013\projects\softwarerasteriser\softwarerasteriser\release\software.45566f6b.tlog\cl.read.1.tlog
c:\users\samamco\documents\visual studio 2013\projects\softwarerasteriser\softwarerasteriser\release\software.45566f6b.tlog\cl.write.1.tlog
c:\users\samamco\documents\visual studio 2013\projects\softwarerasteriser\softwarerasteriser\release\software.45566f6b.tlog\link.command.1.tlog
c:\users\samamco\documents\visual studio 2013\projects\softwarerasteriser\softwarerasteriser\release\software.45566f6b.tlog\link.read.1.tlog
c:\users\samamco\documents\visual studio 2013\projects\softwarerasteriser\softwarerasteriser\release\software.45566f6b.tlog\link.write.1.tlog
